<?xml version="1.0" encoding="UTF-8"?>
<!-- Generated by org.testng.reporters.JUnitReportReporter -->
<testsuite hostname="LAPTOP-VC67H06G" failures="0" tests="1" name="Books.TC001_Books" time="4.957" errors="0" timestamp="2025-03-29T15:52:47 IST" skipped="0">
  <testcase classname="Books.TC001_Books" name="ClickOnBooks" time="4.957"/>
  <system-out/>
</testsuite> <!-- Books.TC001_Books -->
